Started GET "/" for ::1 at 2020-05-21 21:42:11 +1000
  [1m[35m (0.3ms)[0m  [1m[34mSELECT "schema_migrations"."version" FROM "schema_migrations" ORDER BY "schema_migrations"."version" ASC[0m
  ↳ /home/ross/.rvm/gems/ruby-2.6.3/gems/activerecord-5.2.4.2/lib/active_record/log_subscriber.rb:98
Processing by PagesController#home as HTML
  Rendering pages/home.html.erb within layouts/application
  [1m[36mListing Load (0.9ms)[0m  [1m[34mSELECT  "listings".* FROM "listings" ORDER BY orders_count DESC LIMIT $1[0m  [["LIMIT", 5]]
  ↳ app/views/pages/home.html.erb:25
  [1m[36mActiveStorage::Attachment Load (0.3ms)[0m  [1m[34mSELECT  "active_storage_attachments".* FROM "active_storage_attachments" WHERE "active_storage_attachments"."record_id" = $1 AND "active_storage_attachments"."record_type" = $2 AND "active_storage_attachments"."name" = $3 LIMIT $4[0m  [["record_id", 4], ["record_type", "Listing"], ["name", "image"], ["LIMIT", 1]]
  ↳ app/views/pages/_popular_listing.html.erb:12
  [1m[36mUser Load (1.0ms)[0m  [1m[34mSELECT  "users".* FROM "users" WHERE "users"."id" = $1 LIMIT $2[0m  [["id", 24], ["LIMIT", 1]]
  ↳ app/views/pages/_popular_listing.html.erb:21
  [1m[36mActiveStorage::Attachment Load (0.4ms)[0m  [1m[34mSELECT  "active_storage_attachments".* FROM "active_storage_attachments" WHERE "active_storage_attachments"."record_id" = $1 AND "active_storage_attachments"."record_type" = $2 AND "active_storage_attachments"."name" = $3 LIMIT $4[0m  [["record_id", 24], ["record_type", "User"], ["name", "image"], ["LIMIT", 1]]
  ↳ app/views/pages/_popular_listing.html.erb:21
  [1m[36mActiveStorage::Attachment Load (0.2ms)[0m  [1m[34mSELECT  "active_storage_attachments".* FROM "active_storage_attachments" WHERE "active_storage_attachments"."record_id" = $1 AND "active_storage_attachments"."record_type" = $2 AND "active_storage_attachments"."name" = $3 LIMIT $4[0m  [["record_id", 5], ["record_type", "Listing"], ["name", "image"], ["LIMIT", 1]]
  ↳ app/views/pages/_popular_listing.html.erb:12
  [1m[36mUser Load (0.2ms)[0m  [1m[34mSELECT  "users".* FROM "users" WHERE "users"."id" = $1 LIMIT $2[0m  [["id", 14], ["LIMIT", 1]]
  ↳ app/views/pages/_popular_listing.html.erb:21
  [1m[36mActiveStorage::Attachment Load (0.2ms)[0m  [1m[34mSELECT  "active_storage_attachments".* FROM "active_storage_attachments" WHERE "active_storage_attachments"."record_id" = $1 AND "active_storage_attachments"."record_type" = $2 AND "active_storage_attachments"."name" = $3 LIMIT $4[0m  [["record_id", 14], ["record_type", "User"], ["name", "image"], ["LIMIT", 1]]
  ↳ app/views/pages/_popular_listing.html.erb:21
  [1m[36mActiveStorage::Attachment Load (0.2ms)[0m  [1m[34mSELECT  "active_storage_attachments".* FROM "active_storage_attachments" WHERE "active_storage_attachments"."record_id" = $1 AND "active_storage_attachments"."record_type" = $2 AND "active_storage_attachments"."name" = $3 LIMIT $4[0m  [["record_id", 6], ["record_type", "Listing"], ["name", "image"], ["LIMIT", 1]]
  ↳ app/views/pages/_popular_listing.html.erb:12
  [1m[36mUser Load (0.2ms)[0m  [1m[34mSELECT  "users".* FROM "users" WHERE "users"."id" = $1 LIMIT $2[0m  [["id", 18], ["LIMIT", 1]]
  ↳ app/views/pages/_popular_listing.html.erb:21
  [1m[36mActiveStorage::Attachment Load (0.2ms)[0m  [1m[34mSELECT  "active_storage_attachments".* FROM "active_storage_attachments" WHERE "active_storage_attachments"."record_id" = $1 AND "active_storage_attachments"."record_type" = $2 AND "active_storage_attachments"."name" = $3 LIMIT $4[0m  [["record_id", 18], ["record_type", "User"], ["name", "image"], ["LIMIT", 1]]
  ↳ app/views/pages/_popular_listing.html.erb:21
  [1m[36mActiveStorage::Attachment Load (0.1ms)[0m  [1m[34mSELECT  "active_storage_attachments".* FROM "active_storage_attachments" WHERE "active_storage_attachments"."record_id" = $1 AND "active_storage_attachments"."record_type" = $2 AND "active_storage_attachments"."name" = $3 LIMIT $4[0m  [["record_id", 7], ["record_type", "Listing"], ["name", "image"], ["LIMIT", 1]]
  ↳ app/views/pages/_popular_listing.html.erb:12
  [1m[36mUser Load (0.2ms)[0m  [1m[34mSELECT  "users".* FROM "users" WHERE "users"."id" = $1 LIMIT $2[0m  [["id", 39], ["LIMIT", 1]]
  ↳ app/views/pages/_popular_listing.html.erb:21
  [1m[36mActiveStorage::Attachment Load (0.2ms)[0m  [1m[34mSELECT  "active_storage_attachments".* FROM "active_storage_attachments" WHERE "active_storage_attachments"."record_id" = $1 AND "active_storage_attachments"."record_type" = $2 AND "active_storage_attachments"."name" = $3 LIMIT $4[0m  [["record_id", 39], ["record_type", "User"], ["name", "image"], ["LIMIT", 1]]
  ↳ app/views/pages/_popular_listing.html.erb:21
  [1m[36mActiveStorage::Attachment Load (0.2ms)[0m  [1m[34mSELECT  "active_storage_attachments".* FROM "active_storage_attachments" WHERE "active_storage_attachments"."record_id" = $1 AND "active_storage_attachments"."record_type" = $2 AND "active_storage_attachments"."name" = $3 LIMIT $4[0m  [["record_id", 3], ["record_type", "Listing"], ["name", "image"], ["LIMIT", 1]]
  ↳ app/views/pages/_popular_listing.html.erb:12
  [1m[36mUser Load (0.2ms)[0m  [1m[34mSELECT  "users".* FROM "users" WHERE "users"."id" = $1 LIMIT $2[0m  [["id", 47], ["LIMIT", 1]]
  ↳ app/views/pages/_popular_listing.html.erb:21
  [1m[36mActiveStorage::Attachment Load (0.2ms)[0m  [1m[34mSELECT  "active_storage_attachments".* FROM "active_storage_attachments" WHERE "active_storage_attachments"."record_id" = $1 AND "active_storage_attachments"."record_type" = $2 AND "active_storage_attachments"."name" = $3 LIMIT $4[0m  [["record_id", 47], ["record_type", "User"], ["name", "image"], ["LIMIT", 1]]
  ↳ app/views/pages/_popular_listing.html.erb:21
  Rendered collection of pages/_popular_listing.html.erb [5 times] (3856.8ms)
  Rendered pages/home.html.erb within layouts/application (3875.6ms)
  Rendered shared/_navbar.html.erb (0.5ms)
Completed 200 OK in 3953ms (Views: 3904.3ms | ActiveRecord: 15.0ms)


Started GET "/listings" for ::1 at 2020-05-21 21:42:17 +1000
Processing by ListingsController#index as HTML
  Rendering listings/index.html.erb within layouts/application
  [1m[36mListing Load (1.5ms)[0m  [1m[34mSELECT  "listings".* FROM "listings" WHERE "listings"."active" = $1 LIMIT $2 OFFSET $3[0m  [["active", true], ["LIMIT", 15], ["OFFSET", 0]]
  ↳ app/views/listings/index.html.erb:5
  [1m[36mUser Load (1.5ms)[0m  [1m[34mSELECT "users".* FROM "users" WHERE "users"."id" IN ($1, $2, $3, $4, $5, $6, $7, $8, $9, $10, $11, $12)[0m  [["id", 47], ["id", 24], ["id", 25], ["id", 44], ["id", 51], ["id", 13], ["id", 2], ["id", 17], ["id", 34], ["id", 37], ["id", 15], ["id", 50]]
  ↳ app/views/listings/index.html.erb:5
  [1m[36mActiveStorage::Attachment Load (0.8ms)[0m  [1m[34mSELECT  "active_storage_attachments".* FROM "active_storage_attachments" WHERE "active_storage_attachments"."record_id" = $1 AND "active_storage_attachments"."record_type" = $2 AND "active_storage_attachments"."name" = $3 LIMIT $4[0m  [["record_id", 3], ["record_type", "Listing"], ["name", "image"], ["LIMIT", 1]]
  ↳ app/views/listings/_listing.html.erb:10
  [1m[36mActiveStorage::Attachment Load (0.7ms)[0m  [1m[34mSELECT  "active_storage_attachments".* FROM "active_storage_attachments" WHERE "active_storage_attachments"."record_id" = $1 AND "active_storage_attachments"."record_type" = $2 AND "active_storage_attachments"."name" = $3 LIMIT $4[0m  [["record_id", 47], ["record_type", "User"], ["name", "image"], ["LIMIT", 1]]
  ↳ app/views/listings/_listing.html.erb:18
  [1m[36mActiveStorage::Attachment Load (0.6ms)[0m  [1m[34mSELECT  "active_storage_attachments".* FROM "active_storage_attachments" WHERE "active_storage_attachments"."record_id" = $1 AND "active_storage_attachments"."record_type" = $2 AND "active_storage_attachments"."name" = $3 LIMIT $4[0m  [["record_id", 4], ["record_type", "Listing"], ["name", "image"], ["LIMIT", 1]]
  ↳ app/views/listings/_listing.html.erb:10
  [1m[36mActiveStorage::Attachment Load (0.4ms)[0m  [1m[34mSELECT  "active_storage_attachments".* FROM "active_storage_attachments" WHERE "active_storage_attachments"."record_id" = $1 AND "active_storage_attachments"."record_type" = $2 AND "active_storage_attachments"."name" = $3 LIMIT $4[0m  [["record_id", 24], ["record_type", "User"], ["name", "image"], ["LIMIT", 1]]
  ↳ app/views/listings/_listing.html.erb:18
  [1m[36mActiveStorage::Attachment Load (0.4ms)[0m  [1m[34mSELECT  "active_storage_attachments".* FROM "active_storage_attachments" WHERE "active_storage_attachments"."record_id" = $1 AND "active_storage_attachments"."record_type" = $2 AND "active_storage_attachments"."name" = $3 LIMIT $4[0m  [["record_id", 10], ["record_type", "Listing"], ["name", "image"], ["LIMIT", 1]]
  ↳ app/views/listings/_listing.html.erb:10
  [1m[36mActiveStorage::Attachment Load (0.3ms)[0m  [1m[34mSELECT  "active_storage_attachments".* FROM "active_storage_attachments" WHERE "active_storage_attachments"."record_id" = $1 AND "active_storage_attachments"."record_type" = $2 AND "active_storage_attachments"."name" = $3 LIMIT $4[0m  [["record_id", 25], ["record_type", "User"], ["name", "image"], ["LIMIT", 1]]
  ↳ app/views/listings/_listing.html.erb:18
  [1m[36mActiveStorage::Attachment Load (0.2ms)[0m  [1m[34mSELECT  "active_storage_attachments".* FROM "active_storage_attachments" WHERE "active_storage_attachments"."record_id" = $1 AND "active_storage_attachments"."record_type" = $2 AND "active_storage_attachments"."name" = $3 LIMIT $4[0m  [["record_id", 12], ["record_type", "Listing"], ["name", "image"], ["LIMIT", 1]]
  ↳ app/views/listings/_listing.html.erb:10
  [1m[36mActiveStorage::Attachment Load (0.2ms)[0m  [1m[34mSELECT  "active_storage_attachments".* FROM "active_storage_attachments" WHERE "active_storage_attachments"."record_id" = $1 AND "active_storage_attachments"."record_type" = $2 AND "active_storage_attachments"."name" = $3 LIMIT $4[0m  [["record_id", 44], ["record_type", "User"], ["name", "image"], ["LIMIT", 1]]
  ↳ app/views/listings/_listing.html.erb:18
  [1m[36mActiveStorage::Attachment Load (0.2ms)[0m  [1m[34mSELECT  "active_storage_attachments".* FROM "active_storage_attachments" WHERE "active_storage_attachments"."record_id" = $1 AND "active_storage_attachments"."record_type" = $2 AND "active_storage_attachments"."name" = $3 LIMIT $4[0m  [["record_id", 24], ["record_type", "Listing"], ["name", "image"], ["LIMIT", 1]]
  ↳ app/views/listings/_listing.html.erb:10
  [1m[36mActiveStorage::Attachment Load (0.2ms)[0m  [1m[34mSELECT  "active_storage_attachments".* FROM "active_storage_attachments" WHERE "active_storage_attachments"."record_id" = $1 AND "active_storage_attachments"."record_type" = $2 AND "active_storage_attachments"."name" = $3 LIMIT $4[0m  [["record_id", 51], ["record_type", "User"], ["name", "image"], ["LIMIT", 1]]
  ↳ app/views/listings/_listing.html.erb:18
  [1m[36mActiveStorage::Attachment Load (0.2ms)[0m  [1m[34mSELECT  "active_storage_attachments".* FROM "active_storage_attachments" WHERE "active_storage_attachments"."record_id" = $1 AND "active_storage_attachments"."record_type" = $2 AND "active_storage_attachments"."name" = $3 LIMIT $4[0m  [["record_id", 25], ["record_type", "Listing"], ["name", "image"], ["LIMIT", 1]]
  ↳ app/views/listings/_listing.html.erb:10
  [1m[36mActiveStorage::Attachment Load (0.2ms)[0m  [1m[34mSELECT  "active_storage_attachments".* FROM "active_storage_attachments" WHERE "active_storage_attachments"."record_id" = $1 AND "active_storage_attachments"."record_type" = $2 AND "active_storage_attachments"."name" = $3 LIMIT $4[0m  [["record_id", 13], ["record_type", "User"], ["name", "image"], ["LIMIT", 1]]
  ↳ app/views/listings/_listing.html.erb:18
  [1m[36mActiveStorage::Attachment Load (0.1ms)[0m  [1m[34mSELECT  "active_storage_attachments".* FROM "active_storage_attachments" WHERE "active_storage_attachments"."record_id" = $1 AND "active_storage_attachments"."record_type" = $2 AND "active_storage_attachments"."name" = $3 LIMIT $4[0m  [["record_id", 28], ["record_type", "Listing"], ["name", "image"], ["LIMIT", 1]]
  ↳ app/views/listings/_listing.html.erb:10
  [1m[36mActiveStorage::Attachment Load (0.2ms)[0m  [1m[34mSELECT  "active_storage_attachments".* FROM "active_storage_attachments" WHERE "active_storage_attachments"."record_id" = $1 AND "active_storage_attachments"."record_type" = $2 AND "active_storage_attachments"."name" = $3 LIMIT $4[0m  [["record_id", 2], ["record_type", "User"], ["name", "image"], ["LIMIT", 1]]
  ↳ app/views/listings/_listing.html.erb:18
  [1m[36mActiveStorage::Attachment Load (0.2ms)[0m  [1m[34mSELECT  "active_storage_attachments".* FROM "active_storage_attachments" WHERE "active_storage_attachments"."record_id" = $1 AND "active_storage_attachments"."record_type" = $2 AND "active_storage_attachments"."name" = $3 LIMIT $4[0m  [["record_id", 29], ["record_type", "Listing"], ["name", "image"], ["LIMIT", 1]]
  ↳ app/views/listings/_listing.html.erb:10
  [1m[36mActiveStorage::Attachment Load (0.2ms)[0m  [1m[34mSELECT  "active_storage_attachments".* FROM "active_storage_attachments" WHERE "active_storage_attachments"."record_id" = $1 AND "active_storage_attachments"."record_type" = $2 AND "active_storage_attachments"."name" = $3 LIMIT $4[0m  [["record_id", 17], ["record_type", "User"], ["name", "image"], ["LIMIT", 1]]
  ↳ app/views/listings/_listing.html.erb:18
  [1m[36mActiveStorage::Attachment Load (0.1ms)[0m  [1m[34mSELECT  "active_storage_attachments".* FROM "active_storage_attachments" WHERE "active_storage_attachments"."record_id" = $1 AND "active_storage_attachments"."record_type" = $2 AND "active_storage_attachments"."name" = $3 LIMIT $4[0m  [["record_id", 30], ["record_type", "Listing"], ["name", "image"], ["LIMIT", 1]]
  ↳ app/views/listings/_listing.html.erb:10
  [1m[36mActiveStorage::Attachment Load (0.1ms)[0m  [1m[34mSELECT  "active_storage_attachments".* FROM "active_storage_attachments" WHERE "active_storage_attachments"."record_id" = $1 AND "active_storage_attachments"."record_type" = $2 AND "active_storage_attachments"."name" = $3 LIMIT $4[0m  [["record_id", 11], ["record_type", "Listing"], ["name", "image"], ["LIMIT", 1]]
  ↳ app/views/listings/_listing.html.erb:10
  [1m[36mActiveStorage::Attachment Load (0.1ms)[0m  [1m[34mSELECT  "active_storage_attachments".* FROM "active_storage_attachments" WHERE "active_storage_attachments"."record_id" = $1 AND "active_storage_attachments"."record_type" = $2 AND "active_storage_attachments"."name" = $3 LIMIT $4[0m  [["record_id", 34], ["record_type", "User"], ["name", "image"], ["LIMIT", 1]]
  ↳ app/views/listings/_listing.html.erb:18
  [1m[36mActiveStorage::Attachment Load (0.1ms)[0m  [1m[34mSELECT  "active_storage_attachments".* FROM "active_storage_attachments" WHERE "active_storage_attachments"."record_id" = $1 AND "active_storage_attachments"."record_type" = $2 AND "active_storage_attachments"."name" = $3 LIMIT $4[0m  [["record_id", 31], ["record_type", "Listing"], ["name", "image"], ["LIMIT", 1]]
  ↳ app/views/listings/_listing.html.erb:10
  [1m[36mActiveStorage::Attachment Load (0.1ms)[0m  [1m[34mSELECT  "active_storage_attachments".* FROM "active_storage_attachments" WHERE "active_storage_attachments"."record_id" = $1 AND "active_storage_attachments"."record_type" = $2 AND "active_storage_attachments"."name" = $3 LIMIT $4[0m  [["record_id", 37], ["record_type", "User"], ["name", "image"], ["LIMIT", 1]]
  ↳ app/views/listings/_listing.html.erb:18
  [1m[36mActiveStorage::Attachment Load (0.1ms)[0m  [1m[34mSELECT  "active_storage_attachments".* FROM "active_storage_attachments" WHERE "active_storage_attachments"."record_id" = $1 AND "active_storage_attachments"."record_type" = $2 AND "active_storage_attachments"."name" = $3 LIMIT $4[0m  [["record_id", 23], ["record_type", "Listing"], ["name", "image"], ["LIMIT", 1]]
  ↳ app/views/listings/_listing.html.erb:10
  [1m[36mActiveStorage::Attachment Load (0.1ms)[0m  [1m[34mSELECT  "active_storage_attachments".* FROM "active_storage_attachments" WHERE "active_storage_attachments"."record_id" = $1 AND "active_storage_attachments"."record_type" = $2 AND "active_storage_attachments"."name" = $3 LIMIT $4[0m  [["record_id", 15], ["record_type", "User"], ["name", "image"], ["LIMIT", 1]]
  ↳ app/views/listings/_listing.html.erb:18
  [1m[36mActiveStorage::Attachment Load (0.1ms)[0m  [1m[34mSELECT  "active_storage_attachments".* FROM "active_storage_attachments" WHERE "active_storage_attachments"."record_id" = $1 AND "active_storage_attachments"."record_type" = $2 AND "active_storage_attachments"."name" = $3 LIMIT $4[0m  [["record_id", 14], ["record_type", "Listing"], ["name", "image"], ["LIMIT", 1]]
  ↳ app/views/listings/_listing.html.erb:10
  [1m[36mActiveStorage::Attachment Load (0.1ms)[0m  [1m[34mSELECT  "active_storage_attachments".* FROM "active_storage_attachments" WHERE "active_storage_attachments"."record_id" = $1 AND "active_storage_attachments"."record_type" = $2 AND "active_storage_attachments"."name" = $3 LIMIT $4[0m  [["record_id", 15], ["record_type", "Listing"], ["name", "image"], ["LIMIT", 1]]
  ↳ app/views/listings/_listing.html.erb:10
  [1m[36mActiveStorage::Attachment Load (0.1ms)[0m  [1m[34mSELECT  "active_storage_attachments".* FROM "active_storage_attachments" WHERE "active_storage_attachments"."record_id" = $1 AND "active_storage_attachments"."record_type" = $2 AND "active_storage_attachments"."name" = $3 LIMIT $4[0m  [["record_id", 50], ["record_type", "User"], ["name", "image"], ["LIMIT", 1]]
  ↳ app/views/listings/_listing.html.erb:18
  [1m[36mActiveStorage::Attachment Load (0.1ms)[0m  [1m[34mSELECT  "active_storage_attachments".* FROM "active_storage_attachments" WHERE "active_storage_attachments"."record_id" = $1 AND "active_storage_attachments"."record_type" = $2 AND "active_storage_attachments"."name" = $3 LIMIT $4[0m  [["record_id", 19], ["record_type", "Listing"], ["name", "image"], ["LIMIT", 1]]
  ↳ app/views/listings/_listing.html.erb:10
  Rendered collection of listings/_listing.html.erb [15 times] (53.3ms)
  [1m[35m (0.3ms)[0m  [1m[34mSELECT COUNT(*) FROM "listings" WHERE "listings"."active" = $1[0m  [["active", true]]
  ↳ app/views/listings/index.html.erb:10
  Rendered listings/index.html.erb within layouts/application (616.7ms)
  Rendered shared/_navbar.html.erb (0.6ms)
Completed 200 OK in 634ms (Views: 621.5ms | ActiveRecord: 10.1ms)


Started GET "/listings/3" for ::1 at 2020-05-21 21:42:19 +1000
Processing by ListingsController#show as HTML
  Parameters: {"id"=>"3"}
Completed 401 Unauthorized in 0ms (ActiveRecord: 0.0ms)


Started GET "/users/sign_in" for ::1 at 2020-05-21 21:42:19 +1000
Processing by Devise::SessionsController#new as HTML
  Rendering devise/sessions/new.html.erb within layouts/application
  Rendered devise/shared/_links.html.erb (1.3ms)
  Rendered devise/sessions/new.html.erb within layouts/application (16.6ms)
  Rendered shared/_navbar.html.erb (0.7ms)
Completed 200 OK in 40ms (Views: 36.4ms | ActiveRecord: 0.0ms)


Started GET "/" for 127.0.0.1 at 2021-01-04 20:35:29 +1100
  
PG::ConnectionBad (could not connect to server: No such file or directory
	Is the server running locally and accepting
	connections on Unix domain socket "/var/run/postgresql/.s.PGSQL.5432"?
):
  
pg (1.2.3) lib/pg.rb:58:in `initialize'
pg (1.2.3) lib/pg.rb:58:in `new'
pg (1.2.3) lib/pg.rb:58:in `connect'
activerecord (5.2.4.2) lib/active_record/connection_adapters/postgresql_adapter.rb:692:in `connect'
activerecord (5.2.4.2) lib/active_record/connection_adapters/postgresql_adapter.rb:223:in `initialize'
activerecord (5.2.4.2) lib/active_record/connection_adapters/postgresql_adapter.rb:48:in `new'
activerecord (5.2.4.2) lib/active_record/connection_adapters/postgresql_adapter.rb:48:in `postgresql_connection'
activerecord (5.2.4.2) lib/active_record/connection_adapters/abstract/connection_pool.rb:830:in `new_connection'
activerecord (5.2.4.2) lib/active_record/connection_adapters/abstract/connection_pool.rb:874:in `checkout_new_connection'
activerecord (5.2.4.2) lib/active_record/connection_adapters/abstract/connection_pool.rb:853:in `try_to_checkout_new_connection'
activerecord (5.2.4.2) lib/active_record/connection_adapters/abstract/connection_pool.rb:814:in `acquire_connection'
activerecord (5.2.4.2) lib/active_record/connection_adapters/abstract/connection_pool.rb:538:in `checkout'
activerecord (5.2.4.2) lib/active_record/connection_adapters/abstract/connection_pool.rb:382:in `connection'
activerecord (5.2.4.2) lib/active_record/connection_adapters/abstract/connection_pool.rb:1033:in `retrieve_connection'
activerecord (5.2.4.2) lib/active_record/connection_handling.rb:118:in `retrieve_connection'
activerecord (5.2.4.2) lib/active_record/connection_handling.rb:90:in `connection'
activerecord (5.2.4.2) lib/active_record/migration.rb:554:in `call'
actionpack (5.2.4.2) lib/action_dispatch/middleware/callbacks.rb:28:in `block in call'
activesupport (5.2.4.2) lib/active_support/callbacks.rb:98:in `run_callbacks'
actionpack (5.2.4.2) lib/action_dispatch/middleware/callbacks.rb:26:in `call'
actionpack (5.2.4.2) lib/action_dispatch/middleware/executor.rb:14:in `call'
actionpack (5.2.4.2) lib/action_dispatch/middleware/debug_exceptions.rb:61:in `call'
web-console (3.7.0) lib/web_console/middleware.rb:135:in `call_app'
web-console (3.7.0) lib/web_console/middleware.rb:30:in `block in call'
web-console (3.7.0) lib/web_console/middleware.rb:20:in `catch'
web-console (3.7.0) lib/web_console/middleware.rb:20:in `call'
actionpack (5.2.4.2) lib/action_dispatch/middleware/show_exceptions.rb:33:in `call'
railties (5.2.4.2) lib/rails/rack/logger.rb:38:in `call_app'
railties (5.2.4.2) lib/rails/rack/logger.rb:26:in `block in call'
activesupport (5.2.4.2) lib/active_support/tagged_logging.rb:71:in `block in tagged'
activesupport (5.2.4.2) lib/active_support/tagged_logging.rb:28:in `tagged'
activesupport (5.2.4.2) lib/active_support/tagged_logging.rb:71:in `tagged'
railties (5.2.4.2) lib/rails/rack/logger.rb:26:in `call'
sprockets-rails (3.2.1) lib/sprockets/rails/quiet_assets.rb:13:in `call'
actionpack (5.2.4.2) lib/action_dispatch/middleware/remote_ip.rb:81:in `call'
actionpack (5.2.4.2) lib/action_dispatch/middleware/request_id.rb:27:in `call'
rack (2.2.2) lib/rack/method_override.rb:24:in `call'
rack (2.2.2) lib/rack/runtime.rb:22:in `call'
activesupport (5.2.4.2) lib/active_support/cache/strategy/local_cache_middleware.rb:29:in `call'
dragonfly (1.2.0) lib/dragonfly/cookie_monster.rb:9:in `call'
actionpack (5.2.4.2) lib/action_dispatch/middleware/executor.rb:14:in `call'
actionpack (5.2.4.2) lib/action_dispatch/middleware/static.rb:127:in `call'
rack (2.2.2) lib/rack/sendfile.rb:110:in `call'
railties (5.2.4.2) lib/rails/engine.rb:524:in `call'
puma (3.12.4) lib/puma/configuration.rb:227:in `call'
puma (3.12.4) lib/puma/server.rb:675:in `handle_request'
puma (3.12.4) lib/puma/server.rb:476:in `process_client'
puma (3.12.4) lib/puma/server.rb:334:in `block in run'
puma (3.12.4) lib/puma/thread_pool.rb:135:in `block in spawn_thread'
